2
29
6
30
38
5
7
3
23
17
10
18
13
12
11
16
162
15
36
19
21
31
28
97
20
33
25
26
45
37
24
27
65
32
61
52
51
34
35
57
43
40
54
42
41
60
47
44
48
59
46
49
62
50
53
56
67
55
63
77
83
64
95
58
166
69
68
66
70
74
71
72
75
76
73
109
82
81
79
86
78
87
80
105
84
88
89
91
90
93
96
92
98
101
119
94
103
125
99
124
102
108
100
104
117
111
163
106
133
115
107
118
132
110
112
114
113
116
120
121
127
122
123
126
128
165
136
130
134
129
131
137
135
139
138
149
141
140
142
145
143
144
147
146
150
148
151
153
152
159
155
154
158
156
157
161
160
