90
62
179
194
180
81
117
144
80
47
170
72
167
55
45
127
84
199
63
195
92
52
14
181
66
43
152
58
86
186
97
87
1
153
189
108
126
109
100
119
77
151
69
169
113
157
165
145
65
75
197
133
135
150
3
141
44
94
200
70
64
20
107
89
91
7
13
42
188
110
182
106
156
137
61
130
26
139
190
162
67
49
50
125
15
60
160
172
159
164
18
5
118
111
19
17
131
185
166
37
36
192
68
146
128
184
96
35
54
24
85
33
4
103
102
11
27
6
140
82
101
99
196
88
116
198
78
40
71
191
56
53
21
138
32
173
149
123
124
57
105
74
143
122
187
115
148
161
129
73
142
10
48
154
51
46
31
168
25
163
178
114
147
83
155
76
134
132
174
79
175
183
176
112
38
41
2
177
12
30
34
121
95
120
98
59
8
193
136
104
171
23
28
39
9
22
158
29
93
16
