<<<<<<< HEAD
104
168
185
124
55
173
178
134
60
34
139
47
29
142
42
153
78
14
9
4
190
83
193
19
98
39
24
158
115
129
119
88
15
120
95
44
149
198
174
191
25
94
148
125
40
56
43
140
130
179
110
61
79
164
99
100
30
48
135
71
73
10
194
143
154
35
199
66
57
5
105
74
50
186
169
89
84
51
109
=======
47
29
88
39
134
83
119
139
70
158
114
24
149
147
9
93
73
129
190
14
163
55
104
4
49
78
168
109
174
84
60
150
144
85
34
170
35
99
94
79
115
45
154
142
164
199
135
50
159
148
5
130
186
125
143
105
191
89
179
66
20
30
71
169
40
10
48
74
25
120
51
43
61
110
140
194
15
100
>>>>>>> 7e1edc7f3066fc536accee54d8442b154107c622
