102
<<<<<<< HEAD
87
137
62
42
194
115
32
159
110
160
169
183
55
17
176
91
25
94
104
82
132
172
92
12
11
108
6
39
73
30
111
171
99
164
2
126
54
63
125
145
43
57
95
191
116
86
167
180
109
144
71
124
83
101
106
36
142
40
49
186
10
114
77
166
146
47
177
120
33
184
7
41
170
68
127
44
1
148
=======
82
160
163
6
58
115
94
104
194
159
110
137
62
92
55
169
116
91
73
154
17
42
89
176
121
132
32
125
164
172
101
111
114
25
148
167
191
54
186
126
71
2
79
99
57
63
77
87
124
36
108
95
83
128
106
86
180
142
182
43
144
170
177
39
49
146
196
84
68
166
184
33
47
7
44
130
100
38
>>>>>>> 7e1edc7f3066fc536accee54d8442b154107c622
