<<<<<<< HEAD
174
200
140
70
112
91
122
126
95
150
80
151
155
5
14
71
7
137
27
97
127
96
88
62
189
186
102
188
99
84
93
103
56
73
180
34
192
68
85
132
178
67
169
166
135
199
162
197
12
10
198
75
69
108
57
63
53
98
81
100
128
20
167
86
143
149
194
30
160
37
11
154
139
158
179
125
165
47
1
172
129
4
=======
80
174
70
150
91
164
199
126
140
7
68
98
112
79
24
137
14
88
5
169
84
96
97
176
115
155
188
93
186
62
71
67
178
95
103
99
34
180
128
127
102
198
162
132
166
197
27
63
85
135
69
100
160
108
122
56
167
12
57
139
75
92
81
149
125
185
86
118
53
11
179
30
143
47
158
20
154
165
4
172
94
129
1
>>>>>>> 7e1edc7f3066fc536accee54d8442b154107c622
