71
17
12
11
20
14
16
18
23
13
15
19
10
29
21
26
22
41
34
27
25
30
24
9
47
28
31
32
33
36
38
35
6
51
42
40
39
37
44
43
52
45
53
8
48
46
49
64
50
72
54
56
66
58
55
60
61
57
63
59
100
83
62
65
67
68
70
69
7
73
75
84
74
78
76
77
80
85
81
79
82
105
90
95
86
88
87
5
89
92
120
91
93
94
96
97
104
101
98
99
4
122
102
103
109
106
107
108
110
111
112
113
117
114
127
115
116
119
118
124
121
3
125
123
132
126
130
128
129
135
131
2
138
133
134
136
141
137
1
139
140
142
144
143
145
147
146
150
148
149
151
152
154
153
155
156
157
158
159
160
162
161
163
167
164
165
166
169
168
171
170
172
173
180
174
175
176
177
178
179
