14
1
2
4
5
7
6
9
13
11
8
3
15
16
10
18
17
19
12
21
20
22
23
24
25
111
26
27
97
28
86
35
31
29
32
34
30
33
37
39
38
170
36
68
41
40
42
43
45
48
44
65
161
102
46
60
70
129
50
93
72
69
67
62
85
74
56
148
53
71
47
58
78
75
95
57
59
64
79
55
51
49
80
91
99
54
52
63
98
114
61
186
107
77
66
87
150
123
92
82
83
158
73
131
166
112
115
89
76
103
195
187
106
109
84
96
101
105
88
100
81
110
104
188
90
157
113
124
94
139
117
118
121
135
159
119
116
120
136
122
108
125
128
127
181
126
130
192
163
183
165
137
185
133
134
151
142
140
153
132
160
147
182
184
198
146
144
145
138
176
162
141
194
167
143
199
149
175
178
156
190
180
172
152
154
155
196
193
177
197
179
171
174
164
168
189
173
191
200
169
