150
117
118
143
114
119
4
63
91
135
27
24
126
7
146
51
95
183
55
190
106
103
87
184
170
49
152
107
148
120
165
88
1
65
77
31
86
111
141
193
182
72
79
76
56
89
123
21
8
160
22
173
159
166
161
113
20
163
180
41
121
96
78
44
156
157
9
179
37
144
52
45
125
3
132
14
84
196
169
23
93
28
35
174
6
198
80
39
176
97
61
54
186
82
140
177
200
199
83
171
59
68
137
50
19
131
69
130
34
191
73
58
128
139
46
194
17
16
26
181
154
178
175
13
64
67
47
98
195
12
124
33
142
168
71
189
85
43
129
38
36
136
192
105
42
158
75
48
164
110
104
11
122
99
53
185
2
18
29
147
92
94
133
145
66
197
112
134
188
138
116
155
100
81
108
32
74
127
5
60
30
153
187
172
10
57
167
62
101
162
109
115
15
149
40
151
102
70
25
90
