138
200
197
112
130
61
147
101
161
78
51
116
3
155
98
56
7
8
91
195
192
20
23
70
186
82
84
26
99
59
92
36
62
178
77
79
193
122
71
6
176
90
16
21
167
95
5
134
115
128
198
152
121
169
114
18
46
33
153
48
119
164
100
76
104
135
38
166
52
4
174
30
13
43
183
159
117
31
12
113
143
11
129
63
54
57
109
72
108
173
19
15
191
187
47
126
58
53
181
87
25
133
107
60
157
2
97
120
89
185
189
93
81
111
37
179
27
177
136
168
158
188
88
144
194
55
64
125
148
165
106
86
141
65
184
190
180
66
103
68
41
154
73
24
146
