<<<<<<< HEAD
175
27
40
109
145
57
149
122
60
170
55
171
14
16
115
9
133
5
51
176
152
50
136
59
47
139
132
167
131
63
183
36
150
70
159
95
86
94
69
52
158
111
161
179
74
123
102
126
89
108
162
77
20
105
71
143
15
118
30
73
26
82
65
97
172
17
124
34
147
157
148
54
153
128
101
25
130
141
129
58
23
=======
27
175
78
40
51
145
50
57
109
115
149
162
170
12
60
133
114
14
5
169
55
152
123
63
180
122
77
97
132
131
47
160
136
70
158
9
161
143
16
61
150
176
101
159
36
105
134
86
13
95
94
126
139
20
89
102
71
172
19
108
118
30
148
153
15
181
17
82
65
69
34
23
147
73
54
26
128
130
178
141
129
25
58
>>>>>>> 7e1edc7f3066fc536accee54d8442b154107c622
