<<<<<<< HEAD
179
153
111
195
136
123
126
120
69
54
45
52
183
46
40
8
149
50
7
140
157
168
79
193
80
184
68
11
114
37
134
82
1
154
173
92
162
25
194
58
31
53
127
63
98
78
108
117
141
4
198
22
186
30
118
176
187
43
167
21
139
67
35
130
84
113
51
165
5
23
97
180
75
41
32
151
44
2
133
28
107
124
87
90
=======
153
195
120
126
136
198
84
140
69
97
11
7
168
46
54
177
98
183
79
184
45
181
123
68
176
41
113
82
128
117
149
114
92
173
31
37
194
30
63
78
40
193
32
134
43
130
51
21
154
4
5
186
1
187
141
108
25
109
89
118
175
139
23
35
53
167
90
180
165
22
151
67
192
133
2
124
107
28
44
87
127
>>>>>>> 7e1edc7f3066fc536accee54d8442b154107c622
