<<<<<<< HEAD
124
131
166
182
34
199
192
30
12
99
83
58
29
177
133
178
186
2
173
168
85
90
145
175
88
25
76
156
197
157
66
117
107
32
126
191
150
100
39
62
180
190
13
33
61
130
27
135
122
48
4
56
81
52
188
200
18
113
74
189
163
171
97
70
71
160
151
118
132
35
98
141
57
194
6
158
15
159
196
49
114
53
37
183
51
153
144
=======
58
29
192
131
34
124
182
188
199
21
186
2
30
85
145
12
156
90
133
178
88
168
40
117
150
175
25
83
32
76
153
135
157
62
197
194
190
180
99
4
126
191
13
130
100
96
61
39
107
33
48
27
70
189
200
128
53
183
15
151
56
6
139
71
113
132
158
41
52
81
97
98
160
35
159
163
18
141
171
114
144
122
177
49
65
45
37
51
164
>>>>>>> 7e1edc7f3066fc536accee54d8442b154107c622
80
54
