1
110
174
<<<<<<< HEAD
62
126
95
175
130
157
196
137
122
40
166
168
15
58
14
65
10
164
107
108
84
158
169
39
187
114
16
156
61
177
52
41
127
135
96
33
167
67
74
71
56
154
117
148
193
68
47
152
11
66
189
92
98
106
142
59
38
120
102
118
44
141
9
34
93
131
63
138
54
8
50
30
161
=======
158
1
62
40
3
25
65
126
157
175
108
166
156
168
96
137
84
14
66
161
196
95
123
10
187
55
118
127
114
16
181
39
177
92
169
61
41
154
67
68
167
122
102
106
135
71
130
38
119
58
52
56
74
11
148
142
180
129
54
28
47
193
59
9
34
152
44
121
189
138
98
120
8
50
70
30
77
>>>>>>> 7e1edc7f3066fc536accee54d8442b154107c622
